Flow report for shootingGame
Mon Nov 12 20:22:51 2018
Quartus II Version 9.1 Build 222 10/21/2009 SJ Full Version


---------------------
; Table of Contents ;
---------------------
  1. Legal Notice
  2. Flow Summary
  3. Flow Settings
  4. Flow Non-Default Global Settings
  5. Flow Elapsed Time
  6. Flow OS Summary
  7. Flow Log



----------------
; Legal Notice ;
----------------
Copyright (C) 1991-2009 Altera Corporation
Your use of Altera Corporation's design tools, logic functions 
and other software and tools, and its AMPP partner logic 
functions, and any output files from any of the foregoing 
(including device programming or simulation files), and any 
associated documentation or information are expressly subject 
to the terms and conditions of the Altera Program License 
Subscription Agreement, Altera MegaCore Function License 
Agreement, or other applicable license agreement, including, 
without limitation, that your use is for the sole purpose of 
programming logic devices manufactured by Altera and sold by 
Altera or its authorized distributors.  Please refer to the 
applicable agreement for further details.



+--------------------------------------------------------------------+
; Flow Summary                                                       ;
+-------------------------+------------------------------------------+
; Flow Status             ; Successful - Mon Nov 12 20:22:51 2018    ;
; Quartus II Version      ; 9.1 Build 222 10/21/2009 SJ Full Version ;
; Revision Name           ; shootingGame                             ;
; Top-level Entity Name   ; shootingGame                             ;
; Family                  ; MAX II                                   ;
; Device                  ; EPM1270T144C5                            ;
; Timing Models           ; Final                                    ;
; Met timing requirements ; No                                       ;
; Total logic elements    ; 1,219 / 1,270 ( 96 % )                   ;
; Total pins              ; 48 / 116 ( 41 % )                        ;
; Total virtual pins      ; 0                                        ;
; UFM blocks              ; 0 / 1 ( 0 % )                            ;
+-------------------------+------------------------------------------+


+-----------------------------------------+
; Flow Settings                           ;
+-------------------+---------------------+
; Option            ; Setting             ;
+-------------------+---------------------+
; Start date & time ; 11/12/2018 20:22:38 ;
; Main task         ; Compilation         ;
; Revision Name     ; shootingGame        ;
+-------------------+---------------------+


+-----------------------------------------------------------------------------------------------------------------------------------------------------------------------------------+
; Flow Non-Default Global Settings                                                                                                                                                  ;
+---------------------------------------+--------------------------------------------------------------------------------------------+---------------+-------------+----------------+
; Assignment Name                       ; Value                                                                                      ; Default Value ; Entity Name ; Section Id     ;
+---------------------------------------+--------------------------------------------------------------------------------------------+---------------+-------------+----------------+
; COMPILER_SIGNATURE_ID                 ; 220837872122571.154202535808184                                                            ; --            ; --          ; --             ;
; MAX_CORE_JUNCTION_TEMP                ; 85                                                                                         ; --            ; --          ; --             ;
; MIN_CORE_JUNCTION_TEMP                ; 0                                                                                          ; --            ; --          ; --             ;
; MISC_FILE                             ; D:/Projects/Quartus/digitalCircuitHomework/ShootingGame/shootingGame.dpf                   ; --            ; --          ; --             ;
; MISC_FILE                             ; E:/ShootingGame/shootingGame.dpf                                                           ; --            ; --          ; --             ;
; MISC_FILE                             ; E:/wsh/ShootingGame/shootingGame.dpf                                                       ; --            ; --          ; --             ;
; MISC_FILE                             ; G:/digitalCircuit/1103/wsh/ShootingGame/shootingGame.dpf                                   ; --            ; --          ; --             ;
; MISC_FILE                             ; D:/Projects/Quartus/digitalCircuitHomework/ShootingGame/ShootingGameFinal/shootingGame.dpf ; --            ; --          ; --             ;
; POWER_EXT_SUPPLY_VOLTAGE_TO_REGULATOR ; 3.3V                                                                                       ; --            ; --          ; --             ;
; USE_GENERATED_PHYSICAL_CONSTRAINTS    ; Off                                                                                        ; --            ; --          ; eda_blast_fpga ;
+---------------------------------------+--------------------------------------------------------------------------------------------+---------------+-------------+----------------+


+-----------------------------------------------------------------------------------------------------------------------------+
; Flow Elapsed Time                                                                                                           ;
+-------------------------+--------------+-------------------------+---------------------+------------------------------------+
; Module Name             ; Elapsed Time ; Average Processors Used ; Peak Virtual Memory ; Total CPU Time (on all processors) ;
+-------------------------+--------------+-------------------------+---------------------+------------------------------------+
; Analysis & Synthesis    ; 00:00:06     ; 1.0                     ; 274 MB              ; 00:00:05                           ;
; Fitter                  ; 00:00:04     ; 1.0                     ; 322 MB              ; 00:00:05                           ;
; Assembler               ; 00:00:01     ; 1.0                     ; 212 MB              ; 00:00:00                           ;
; Classic Timing Analyzer ; 00:00:01     ; 1.0                     ; 198 MB              ; 00:00:01                           ;
; Total                   ; 00:00:12     ; --                      ; --                  ; 00:00:11                           ;
+-------------------------+--------------+-------------------------+---------------------+------------------------------------+


+------------------------------------------------------------------------------------------+
; Flow OS Summary                                                                          ;
+-------------------------+------------------+---------------+------------+----------------+
; Module Name             ; Machine Hostname ; OS Name       ; OS Version ; Processor type ;
+-------------------------+------------------+---------------+------------+----------------+
; Analysis & Synthesis    ; LAPTOP-TK20RM1S  ; Windows Vista ; 6.2        ; x86_64         ;
; Fitter                  ; LAPTOP-TK20RM1S  ; Windows Vista ; 6.2        ; x86_64         ;
; Assembler               ; LAPTOP-TK20RM1S  ; Windows Vista ; 6.2        ; x86_64         ;
; Classic Timing Analyzer ; LAPTOP-TK20RM1S  ; Windows Vista ; 6.2        ; x86_64         ;
+-------------------------+------------------+---------------+------------+----------------+


------------
; Flow Log ;
------------
quartus_map --read_settings_files=on --write_settings_files=off shootingGame -c shootingGame
quartus_fit --read_settings_files=off --write_settings_files=off shootingGame -c shootingGame
quartus_asm --read_settings_files=off --write_settings_files=off shootingGame -c shootingGame
quartus_tan --read_settings_files=off --write_settings_files=off shootingGame -c shootingGame



